c:\users\hamar\desktop\punchgame\x64\debug\vc143.pdb
c:\users\hamar\desktop\punchgame\x64\debug\vc143.idb
c:\users\hamar\desktop\punchgame\x64\debug\woodboard.obj
c:\users\hamar\desktop\punchgame\x64\debug\skydome.obj
c:\users\hamar\desktop\punchgame\x64\debug\scenebase.obj
c:\users\hamar\desktop\punchgame\x64\debug\player.obj
c:\users\hamar\desktop\punchgame\x64\debug\main.obj
c:\users\hamar\desktop\punchgame\x64\debug\gamescene.obj
c:\users\hamar\desktop\punchgame\x64\debug\gamemanager.obj
c:\users\hamar\desktop\punchgame\x64\debug\camera.obj
c:\users\hamar\desktop\punchgame\x64\debug\inputmanager.obj
c:\users\hamar\desktop\punchgame\x64\debug\shield.obj
c:\users\hamar\desktop\punchgame\x64\debug\fist.obj
c:\users\hamar\desktop\punchgame\x64\debug\characterbase.obj
c:\users\hamar\desktop\punchgame\x64\debug\enemy.obj
c:\users\hamar\desktop\punchgame\x64\debug\enemymanager.obj
c:\users\hamar\desktop\punchgame\x64\debug\resultscene.obj
c:\users\hamar\desktop\punchgame\x64\debug\titlescene.obj
c:\users\hamar\desktop\punchgame\x64\debug\ぶっ飛びパンチ.exe
c:\users\hamar\desktop\punchgame\x64\debug\ぶっ飛びパンチ.ilk
c:\users\hamar\desktop\punchgame\x64\debug\ぶっ飛びパンチ.pdb
c:\users\hamar\desktop\punchgame\x64\debug\characterbase.obj.enc
c:\users\hamar\desktop\punchgame\x64\debug\enemy.obj.enc
c:\users\hamar\desktop\punchgame\x64\debug\ぶっ飛びパンチ.tlog\cl.command.1.tlog
c:\users\hamar\desktop\punchgame\x64\debug\ぶっ飛びパンチ.tlog\cl.read.1.tlog
c:\users\hamar\desktop\punchgame\x64\debug\ぶっ飛びパンチ.tlog\cl.write.1.tlog
c:\users\hamar\desktop\punchgame\x64\debug\ぶっ飛びパンチ.tlog\link.command.1.tlog
c:\users\hamar\desktop\punchgame\x64\debug\ぶっ飛びパンチ.tlog\link.read.1.tlog
c:\users\hamar\desktop\punchgame\x64\debug\ぶっ飛びパンチ.tlog\link.write.1.tlog
